<?xml version="1.0" encoding="UTF-8"?>
<!-- Generated by org.testng.reporters.JUnitReportReporter -->
<testsuite hostname="DESKTOP-4V2B5VI" failures="0" tests="4" name="Fund_Module.VerifyUserCanAddFundsInAccount" time="13.840" errors="0" timestamp="2022-10-31T18:57:34 IST" skipped="0">
  <testcase classname="Fund_Module.VerifyUserCanAddFundsInAccount" name="VerifyUserCanLogin" time="9.052"/>
  <system-out/>
  <testcase classname="Fund_Module.VerifyUserCanAddFundsInAccount" name="VerifyUserCanOpenFundWindowByClickingFundText" time="0.200"/>
  <system-out/>
  <testcase classname="Fund_Module.VerifyUserCanAddFundsInAccount" name="VerifyUserCanOpenDepositeFundWindowByClickingOnAddFundBtn" time="2.879"/>
  <system-out/>
  <testcase classname="Fund_Module.VerifyUserCanAddFundsInAccount" name="VerifyUserCanAddRequiredDetailsAndClickOnContinueBtn" time="1.709"/>
  <system-out/>
</testsuite> <!-- Fund_Module.VerifyUserCanAddFundsInAccount -->
