<?xml version="1.0" encoding="UTF-8"?>
<!-- Generated by org.testng.reporters.JUnitReportReporter -->
<testsuite hostname="DESKTOP-4V2B5VI" failures="0" tests="4" name="Dashboard_Module.VerifyUserCanAddStocksInWatchList" time="8.888" errors="0" timestamp="2022-10-31T20:04:52 IST" skipped="0">
  <testcase classname="Dashboard_Module.VerifyUserCanAddStocksInWatchList" name="VerifyUserCanLogin" time="6.655"/>
  <system-out/>
  <testcase classname="Dashboard_Module.VerifyUserCanAddStocksInWatchList" name="VerifyUserCanSearchStocks" time="1.443"/>
  <system-out/>
  <testcase classname="Dashboard_Module.VerifyUserCanAddStocksInWatchList" name="VerifyUserCanClickOnAddBtn" time="0.617"/>
  <system-out/>
  <testcase classname="Dashboard_Module.VerifyUserCanAddStocksInWatchList" name="VerifywatchlistAddedStock" time="0.173"/>
  <system-out/>
</testsuite> <!-- Dashboard_Module.VerifyUserCanAddStocksInWatchList -->
