<?xml version="1.0" encoding="UTF-8"?>
<!-- Generated by org.testng.reporters.JUnitReportReporter -->
<testsuite hostname="DESKTOP-4V2B5VI" failures="0" tests="1" name="testClasses.VerifyUserCanGetLowsetPriceProduct" time="6.582" errors="0" timestamp="2022-10-11T20:30:13 IST" skipped="0">
  <testcase classname="testClasses.VerifyUserCanGetLowsetPriceProduct" name="VerifyUserGetLowestPriceProduct" time="6.582"/>
  <system-out/>
</testsuite> <!-- testClasses.VerifyUserCanGetLowsetPriceProduct -->
