<?xml version="1.0" encoding="UTF-8"?>
<!-- Generated by org.testng.reporters.JUnitReportReporter -->
<testsuite hostname="DESKTOP-4V2B5VI" failures="0" tests="2" name="testClasses.TestClass1" time="7.049" errors="0" timestamp="2022-10-07T20:17:17 IST" skipped="0">
  <testcase classname="testClasses.TestClass1" name="test2" time="2.507"/>
  <system-out/>
  <testcase classname="testClasses.TestClass1" name="test1" time="4.542"/>
  <system-out/>
</testsuite> <!-- testClasses.TestClass1 -->
